# JRE version: OpenJDK Runtime Environment (11.0.10) (build 11.0.10+0-b96-7249189)
# Java VM: OpenJDK 64-Bit Server VM (11.0.10+0-b96-7249189, mixed mode, tiered, compressed oops, g1 gc, windows-amd64)
Heap:
 garbage-first heap   total 1053696K, used 159940K [0x0000000080000000, 0x0000000100000000)
  region size 1024K, 2 young (2048K), 2 survivors (2048K)
 Metaspace       used 130700K, capacity 133693K, committed 134016K, reserved 1165312K
  class space    used 16316K, capacity 17457K, committed 17536K, reserved 1048576K
GC Heap History (20 events):
Event: 2764.867 GC heap after
{Heap after GC invocations=127 (full 0):
 garbage-first heap   total 460800K, used 153629K [0x0000000080000000, 0x0000000100000000)
  region size 1024K, 2 young (2048K), 2 survivors (2048K)
 Metaspace       used 129767K, capacity 132746K, committed 132864K, reserved 1165312K
  class space    used 16234K, capacity 17364K, committed 17408K, reserved 1048576K
}
Event: 2765.902 GC heap before
{Heap before GC invocations=127 (full 0):
 garbage-first heap   total 460800K, used 208925K [0x0000000080000000, 0x0000000100000000)
  region size 1024K, 56 young (57344K), 2 survivors (2048K)
 Metaspace       used 130022K, capacity 133023K, committed 133120K, reserved 1165312K
  class space    used 16243K, capacity 17367K, committed 17408K, reserved 1048576K
}
Event: 2765.920 GC heap after
{Heap after GC invocations=128 (full 0):
 garbage-first heap   total 460800K, used 154353K [0x0000000080000000, 0x0000000100000000)
  region size 1024K, 3 young (3072K), 3 survivors (3072K)
 Metaspace       used 130022K, capacity 133023K, committed 133120K, reserved 1165312K
  class space    used 16243K, capacity 17367K, committed 17408K, reserved 1048576K
}
Event: 2767.449 GC heap before
{Heap before GC invocations=128 (full 0):
 garbage-first heap   total 460800K, used 220913K [0x0000000080000000, 0x0000000100000000)
  region size 1024K, 68 young (69632K), 3 survivors (3072K)
 Metaspace       used 130142K, capacity 133088K, committed 133376K, reserved 1165312K
  class space    used 16258K, capacity 17367K, committed 17408K, reserved 1048576K
}
Event: 2767.492 GC heap after
{Heap after GC invocations=129 (full 0):
 garbage-first heap   total 460800K, used 155499K [0x0000000080000000, 0x0000000100000000)
  region size 1024K, 4 young (4096K), 4 survivors (4096K)
 Metaspace       used 130142K, capacity 133088K, committed 133376K, reserved 1165312K
  class space    used 16258K, capacity 17367K, committed 17408K, reserved 1048576K
}
Event: 2768.632 GC heap before
{Heap before GC invocations=129 (full 0):
 garbage-first heap   total 460800K, used 237419K [0x0000000080000000, 0x0000000100000000)
  region size 1024K, 84 young (86016K), 4 survivors (4096K)
 Metaspace       used 130235K, capacity 133162K, committed 133376K, reserved 1165312K
  class space    used 16259K, capacity 17367K, committed 17408K, reserved 1048576K
}
Event: 2768.657 GC heap after
{Heap after GC invocations=130 (full 0):
 garbage-first heap   total 460800K, used 156133K [0x0000000080000000, 0x0000000100000000)
  region size 1024K, 4 young (4096K), 4 survivors (4096K)
 Metaspace       used 130235K, capacity 133162K, committed 133376K, reserved 1165312K
  class space    used 16259K, capacity 17367K, committed 17408K, reserved 1048576K
}
Event: 2770.091 GC heap before
{Heap before GC invocations=130 (full 0):
 garbage-first heap   total 460800K, used 252389K [0x0000000080000000, 0x0000000100000000)
  region size 1024K, 98 young (100352K), 4 survivors (4096K)
 Metaspace       used 130287K, capacity 133263K, committed 133376K, reserved 1165312K
  class space    used 16265K, capacity 17379K, committed 17408K, reserved 1048576K
}
Event: 2770.158 GC heap after
{Heap after GC invocations=131 (full 0):
 garbage-first heap   total 460800K, used 156874K [0x0000000080000000, 0x0000000100000000)
  region size 1024K, 5 young (5120K), 5 survivors (5120K)
 Metaspace       used 130287K, capacity 133263K, committed 133376K, reserved 1165312K
  class space    used 16265K, capacity 17379K, committed 17408K, reserved 1048576K
}
Event: 2771.893 GC heap before
{Heap before GC invocations=131 (full 0):
 garbage-first heap   total 460800K, used 258250K [0x0000000080000000, 0x0000000100000000)
  region size 1024K, 104 young (106496K), 5 survivors (5120K)
 Metaspace       used 130329K, capacity 133264K, committed 133376K, reserved 1165312K
  class space    used 16270K, capacity 17379K, committed 17408K, reserved 1048576K
}
Event: 2771.924 GC heap after
{Heap after GC invocations=132 (full 0):
 garbage-first heap   total 460800K, used 157582K [0x0000000080000000, 0x0000000100000000)
  region size 1024K, 6 young (6144K), 6 survivors (6144K)
 Metaspace       used 130329K, capacity 133264K, committed 133376K, reserved 1165312K
  class space    used 16270K, capacity 17379K, committed 17408K, reserved 1048576K
}
Event: 2779.350 GC heap before
{Heap before GC invocations=132 (full 0):
 garbage-first heap   total 460800K, used 270222K [0x0000000080000000, 0x0000000100000000)
  region size 1024K, 116 young (118784K), 6 survivors (6144K)
 Metaspace       used 130664K, capacity 133624K, committed 133760K, reserved 1165312K
  class space    used 16315K, capacity 17456K, committed 17536K, reserved 1048576K
}
Event: 2779.651 GC heap after
{Heap after GC invocations=133 (full 0):
 garbage-first heap   total 460800K, used 159163K [0x0000000080000000, 0x0000000100000000)
  region size 1024K, 7 young (7168K), 7 survivors (7168K)
 Metaspace       used 130664K, capacity 133624K, committed 133760K, reserved 1165312K
  class space    used 16315K, capacity 17456K, committed 17536K, reserved 1048576K
}
Event: 2780.651 GC heap before
{Heap before GC invocations=133 (full 0):
 garbage-first heap   total 460800K, used 244155K [0x0000000080000000, 0x0000000100000000)
  region size 1024K, 90 young (92160K), 7 survivors (7168K)
 Metaspace       used 130689K, capacity 133690K, committed 134016K, reserved 1165312K
  class space    used 16316K, capacity 17456K, committed 17536K, reserved 1048576K
}
Event: 2781.349 GC heap after
{Heap after GC invocations=134 (full 0):
 garbage-first heap   total 460800K, used 159702K [0x0000000080000000, 0x0000000100000000)
  region size 1024K, 7 young (7168K), 7 survivors (7168K)
 Metaspace       used 130689K, capacity 133690K, committed 134016K, reserved 1165312K
  class space    used 16316K, capacity 17456K, committed 17536K, reserved 1048576K
}
Event: 2781.495 GC heap before
{Heap before GC invocations=134 (full 0):
 garbage-first heap   total 460800K, used 175062K [0x0000000080000000, 0x0000000100000000)
  region size 1024K, 22 young (22528K), 7 survivors (7168K)
 Metaspace       used 130691K, capacity 133690K, committed 134016K, reserved 1165312K
  class space    used 16316K, capacity 17456K, committed 17536K, reserved 1048576K
}
Event: 2782.451 GC heap after
{Heap after GC invocations=135 (full 0):
 garbage-first heap   total 460800K, used 159758K [0x0000000080000000, 0x0000000100000000)
  region size 1024K, 2 young (2048K), 2 survivors (2048K)
 Metaspace       used 130691K, capacity 133690K, committed 134016K, reserved 1165312K
  class space    used 16316K, capacity 17456K, committed 17536K, reserved 1048576K
}
Event: 2782.975 GC heap before
{Heap before GC invocations=135 (full 0):
 garbage-first heap   total 460800K, used 180238K [0x0000000080000000, 0x0000000100000000)
  region size 1024K, 22 young (22528K), 2 survivors (2048K)
 Metaspace       used 130700K, capacity 133693K, committed 134016K, reserved 1165312K
  class space    used 16316K, capacity 17457K, committed 17536K, reserved 1048576K
}
Event: 2783.045 GC heap after
{Heap after GC invocations=136 (full 0):
 garbage-first heap   total 460800K, used 159773K [0x0000000080000000, 0x0000000100000000)
  region size 1024K, 2 young (2048K), 2 survivors (2048K)
 Metaspace       used 130700K, capacity 133693K, committed 134016K, reserved 1165312K
  class space    used 16316K, capacity 17457K, committed 17536K, reserved 1048576K
}
Event: 2783.332 GC heap before
{Heap before GC invocations=136 (full 0):
 garbage-first heap   total 460800K, used 180253K [0x0000000080000000, 0x0000000100000000)
  region size 1024K, 22 young (22528K), 2 survivors (2048K)
 Metaspace       used 130700K, capacity 133693K, committed 134016K, reserved 1165312K
  class space    used 16316K, capacity 17457K, committed 17536K, reserved 1048576K
}

